<?xml version="1.0" encoding="UTF-8"?>
<testng-results ignored="0" total="1" passed="1" failed="0" skipped="0">
  <reporter-output>
  </reporter-output>
  <suite started-at="2021-12-13T14:19:03 EST" name="Default suite" finished-at="2021-12-13T14:19:28 EST" duration-ms="24868">
    <groups>
    </groups>
    <test started-at="2021-12-13T14:19:03 EST" name="Default test" finished-at="2021-12-13T14:19:28 EST" duration-ms="24868">
      <class name="testcases.TestCase2">
        <test-method is-config="true" signature="beforeSuite()[pri:0, instance:testcases.TestCase2@1807e3f6]" started-at="2021-12-13T14:19:03 EST" name="beforeSuite" finished-at="2021-12-13T14:19:03 EST" duration-ms="194" status="PASS">
          <reporter-output>
          </reporter-output>
        </test-method> <!-- beforeSuite -->
        <test-method is-config="true" signature="beforeTest()[pri:0, instance:testcases.TestCase2@1807e3f6]" started-at="2021-12-13T14:19:03 EST" name="beforeTest" finished-at="2021-12-13T14:19:03 EST" duration-ms="6" status="PASS">
          <reporter-output>
          </reporter-output>
        </test-method> <!-- beforeTest -->
        <test-method is-config="true" signature="setData()[pri:0, instance:testcases.TestCase2@1807e3f6]" started-at="2021-12-13T14:19:03 EST" name="setData" finished-at="2021-12-13T14:19:03 EST" duration-ms="0" status="PASS">
          <reporter-output>
          </reporter-output>
        </test-method> <!-- setData -->
        <test-method is-config="true" signature="beforeMethod()[pri:0, instance:testcases.TestCase2@1807e3f6]" started-at="2021-12-13T14:19:03 EST" name="beforeMethod" finished-at="2021-12-13T14:19:10 EST" duration-ms="7349" status="PASS">
          <reporter-output>
          </reporter-output>
        </test-method> <!-- beforeMethod -->
        <test-method signature="testCase1(java.lang.String,java.lang.String)[pri:0, instance:testcases.TestCase2@1807e3f6]" started-at="2021-12-13T14:19:10 EST" name="testCase1" data-provider="fetchData" finished-at="2021-12-13T14:19:27 EST" duration-ms="16109" status="PASS">
          <params>
            <param index="0">
              <value>
                <![CDATA[mdashrafkhanqa@gmail.com]]>
              </value>
            </param>
            <param index="1">
              <value>
                <![CDATA[admin123]]>
              </value>
            </param>
          </params>
          <reporter-output>
          </reporter-output>
        </test-method> <!-- testCase1 -->
        <test-method is-config="true" signature="afterMethod()[pri:0, instance:testcases.TestCase2@1807e3f6]" started-at="2021-12-13T14:19:27 EST" name="afterMethod" finished-at="2021-12-13T14:19:28 EST" duration-ms="1019" status="PASS">
          <reporter-output>
          </reporter-output>
        </test-method> <!-- afterMethod -->
        <test-method is-config="true" signature="afterTest()[pri:0, instance:testcases.TestCase2@1807e3f6]" started-at="2021-12-13T14:19:28 EST" name="afterTest" finished-at="2021-12-13T14:19:28 EST" duration-ms="0" status="PASS">
          <reporter-output>
          </reporter-output>
        </test-method> <!-- afterTest -->
        <test-method is-config="true" signature="afterSuite()[pri:0, instance:testcases.TestCase2@1807e3f6]" started-at="2021-12-13T14:19:28 EST" name="afterSuite" finished-at="2021-12-13T14:19:28 EST" duration-ms="200" status="PASS">
          <reporter-output>
          </reporter-output>
        </test-method> <!-- afterSuite -->
      </class> <!-- testcases.TestCase2 -->
    </test> <!-- Default test -->
  </suite> <!-- Default suite -->
</testng-results>
